=== RUN   TestDetectConflicts_DirectoryFolderMode
--- PASS: TestDetectConflicts_DirectoryFolderMode (0.00s)
=== RUN   TestBuildInstallPlan_FolderModeTargetEscapesHome
--- PASS: TestBuildInstallPlan_FolderModeTargetEscapesHome (0.00s)
=== RUN   TestDetectConflicts_ConflictWhenDirectoryFolderMode
--- PASS: TestDetectConflicts_ConflictWhenDirectoryFolderMode (0.00s)
=== RUN   TestBuildInstallPlan_FolderMode
--- PASS: TestBuildInstallPlan_FolderMode (0.00s)
=== RUN   TestDetectConflicts_FolderMode_NoConflict
--- PASS: TestDetectConflicts_FolderMode_NoConflict (0.00s)
=== RUN   TestDetectConflicts_FolderMode_ExistingDir
--- PASS: TestDetectConflicts_FolderMode_ExistingDir (0.00s)
=== RUN   TestDetectConflicts_FolderMode_OurSymlink
--- PASS: TestDetectConflicts_FolderMode_OurSymlink (0.00s)
=== RUN   TestDetectConflicts_FolderMode_ForeignSymlink
--- PASS: TestDetectConflicts_FolderMode_ForeignSymlink (0.00s)
=== RUN   TestBuildInstallPlan_OverlayRejection_TwoFolderSources
--- PASS: TestBuildInstallPlan_OverlayRejection_TwoFolderSources (0.00s)
=== RUN   TestExecuteUninstallPlan_FolderModeReplacedByDirectory
--- PASS: TestExecuteUninstallPlan_FolderModeReplacedByDirectory (0.00s)
=== RUN   TestExecuteUninstallPlan_FolderModeStillSymlinkRemoved
--- PASS: TestExecuteUninstallPlan_FolderModeStillSymlinkRemoved (0.00s)
=== RUN   TestExecuteUninstallPlan_FolderModeLstatError
--- PASS: TestExecuteUninstallPlan_FolderModeLstatError (0.00s)
PASS
ok  	github.com/guneet-xyz/easyrice/internal/installer	1.014s
