--- FAIL: TestInstaller_Concurrency (0.06s)
    --- FAIL: TestInstaller_Concurrency/BUG_061_ConflictingProfiles (0.01s)
        concurrency_test.go:204: BUG-061
        concurrency_test.go:230: state.json must parse, got: invalid character 'C' after top-level value
    --- FAIL: TestInstaller_Concurrency/BUG_062_InstallVsUninstall (0.01s)
        concurrency_test.go:263: BUG-062
        concurrency_test.go:285: invariant: package "apkg" link /tmp/TestInstaller_ConcurrencyBUG_062_InstallVsUninstall3284506212/003/home/.config/apkg/dummy.txt does not point to /tmp/TestInstaller_ConcurrencyBUG_062_InstallVsUninstall3284506212/001/repo/apkg/default/dummy.txt
    --- FAIL: TestInstaller_Concurrency/BUG_063_DistinctPackagesAllSurvive (0.01s)
        concurrency_test.go:303: BUG-063
        concurrency_test.go:326: BUG-063: package "apkg" lost from state.json (last-writer-wins on state.Save)
        concurrency_test.go:326: BUG-063: package "bpkg" lost from state.json (last-writer-wins on state.Save)
        concurrency_test.go:326: BUG-063: package "cpkg" lost from state.json (last-writer-wins on state.Save)
        concurrency_test.go:326: BUG-063: package "dpkg" lost from state.json (last-writer-wins on state.Save)
        concurrency_test.go:326: BUG-063: package "epkg" lost from state.json (last-writer-wins on state.Save)
        concurrency_test.go:326: BUG-063: package "fpkg" lost from state.json (last-writer-wins on state.Save)
        concurrency_test.go:326: BUG-063: package "hpkg" lost from state.json (last-writer-wins on state.Save)
    --- FAIL: TestInstaller_Concurrency/BUG_065_PlanReadDuringExecuteWrite (0.02s)
        concurrency_test.go:395: BUG-065
        concurrency_test.go:446: BUG-065: BuildConvergePlan returned error during concurrent execute: load state: unexpected end of JSON input
--- FAIL: TestInstaller_Concurrency_StateInvariant (0.01s)
    concurrency_test.go:504: invariant: package "apkg" has on-disk link but no state entry
    concurrency_test.go:504: invariant: package "bpkg" has on-disk link but no state entry
    concurrency_test.go:504: invariant: package "cpkg" has on-disk link but no state entry
    concurrency_test.go:504: invariant: package "dpkg" has on-disk link but no state entry
    concurrency_test.go:504: invariant: package "epkg" has on-disk link but no state entry
    concurrency_test.go:504: invariant: package "gpkg" has on-disk link but no state entry
    concurrency_test.go:504: invariant: package "hpkg" has on-disk link but no state entry
Dependency check:
  ! node (18.0.0) — version mismatch; required >=20.0.0
Cannot continue because one or more dependencies have the wrong version. Upgrade them manually, then run easyrice again.
Dependency check:
  ✗ mytool — missing
Using default: install via shell (linux)
Run this command from rice.toml? echo install mytool [y/N]: Dependency check:
  ✗ mytool — missing
Using default: install via shell (linux)
Run this command from rice.toml? echo install mytool [y/N]: Dependency check:
  ✗ mdformat — missing
Choose how to install mdformat:
  1) Install mdformat via pip3 (user site) — pip3 install mdformat
Choose an option [default: 1]: Install 1 dependency(ies) listed above? [y/N]: Dependency check:
  ✗ mytool — missing
Using default: install via shell (linux)
Run this command from rice.toml? echo install mytool [y/N]: Dependency check:
  ✗ mytool — missing
Using default: install via shell (linux)
Run this command from rice.toml? echo install mytool [y/N]: Dependency check:
  ✗ mdformat — missing
  ? already-here — installed (version unknown)
Using default: Install mdformat via pip3 (user site)
Dependency check:
  ✗ mytool — missing
Using default: install via shell (linux)
Run this command from rice.toml? false [y/N]: --- FAIL: TestInstaller_Edges (0.01s)
    --- FAIL: TestInstaller_Edges/BUG-074-ProfileSwitchPreservesInstalledAt (0.00s)
        edges_test.go:366: BUG-074
        edges_test.go:407: 
            	Error Trace:	/home/guneet/projects/easyrice.git/wt/better-tests/internal/installer/edges_test.go:407
            	Error:      	Not equal: 
            	            	expected: time.Date(2026, time.May, 18, 23, 2, 53, 89504736, time.Local)
            	            	actual  : time.Date(2026, time.May, 18, 23, 2, 53, 89879036, time.Local)
            	            	
            	            	Diff:
            	            	--- Expected
            	            	+++ Actual
            	            	@@ -1,2 +1,2 @@
            	            	-(time.Time) 2026-05-18 23:02:53.089504736 +0530 IST
            	            	+(time.Time) 2026-05-18 23:02:53.089879036 +0530 IST
            	            	 
            	Test:       	TestInstaller_Edges/BUG-074-ProfileSwitchPreservesInstalledAt
            	Messages:   	BUG-074 profile switch must preserve installed_at
    --- FAIL: TestInstaller_Edges/BUG-075-RepairPreservesInstalledAt (0.00s)
        edges_test.go:416: BUG-075
        edges_test.go:456: 
            	Error Trace:	/home/guneet/projects/easyrice.git/wt/better-tests/internal/installer/edges_test.go:456
            	Error:      	Not equal: 
            	            	expected: time.Date(2026, time.May, 18, 23, 2, 53, 90434444, time.Local)
            	            	actual  : time.Date(2026, time.May, 18, 23, 2, 53, 90768013, time.Local)
            	            	
            	            	Diff:
            	            	--- Expected
            	            	+++ Actual
            	            	@@ -1,2 +1,2 @@
            	            	-(time.Time) 2026-05-18 23:02:53.090434444 +0530 IST
            	            	+(time.Time) 2026-05-18 23:02:53.090768013 +0530 IST
            	            	 
            	Test:       	TestInstaller_Edges/BUG-075-RepairPreservesInstalledAt
            	Messages:   	BUG-075 repair must preserve installed_at
FAIL
FAIL	github.com/guneet-xyz/easyrice/internal/installer	0.127s
FAIL
