=== RUN   TestE2E_Converge_ProfileSwitch_PreservesOverlap
--- PASS: TestE2E_Converge_ProfileSwitch_PreservesOverlap (0.01s)
=== RUN   TestE2E_Converge_Repair_ConflictWhenTargetReplacedByFile
--- PASS: TestE2E_Converge_Repair_ConflictWhenTargetReplacedByFile (0.00s)
=== RUN   TestE2E_Converge_All_MixedSuccessAndFailure
--- PASS: TestE2E_Converge_All_MixedSuccessAndFailure (0.00s)
=== RUN   TestE2E_Converge_ProfileSwitch_WithYes
--- PASS: TestE2E_Converge_ProfileSwitch_WithYes (0.00s)
=== RUN   TestIntegration_InstallNoArgs_ConvergesAll
--- PASS: TestIntegration_InstallNoArgs_ConvergesAll (0.01s)
=== RUN   TestScenario_ConvergeInstallFresh
=== RUN   TestScenario_ConvergeInstallFresh/install_demo_fresh
--- PASS: TestScenario_ConvergeInstallFresh (0.00s)
    --- PASS: TestScenario_ConvergeInstallFresh/install_demo_fresh (0.00s)
=== RUN   TestScenario_ConvergeProfileSwitch
=== RUN   TestScenario_ConvergeProfileSwitch/install_demo_common_profile
=== RUN   TestScenario_ConvergeProfileSwitch/switch_demo_to_work_profile
--- PASS: TestScenario_ConvergeProfileSwitch (0.01s)
    --- PASS: TestScenario_ConvergeProfileSwitch/install_demo_common_profile (0.00s)
    --- PASS: TestScenario_ConvergeProfileSwitch/switch_demo_to_work_profile (0.00s)
=== RUN   TestScenario_ConvergeRepairBrokenSymlink
=== RUN   TestScenario_ConvergeRepairBrokenSymlink/install_demo
=== RUN   TestScenario_ConvergeRepairBrokenSymlink/break_symlink
=== RUN   TestScenario_ConvergeRepairBrokenSymlink/repair_demo
2026-05-18T19:34:25.562+0530	WARN	symlink drift detected	{"target": "/tmp/TestScenario_ConvergeRepairBrokenSymlink2679837849/001/.config/demo/file1", "expected_source": "/tmp/TestScenario_ConvergeRepairBrokenSymlink2679837849/001/.config/easyrice/repos/default/demo/default/file1", "reason": "link missing, replaced, or points elsewhere"}
--- PASS: TestScenario_ConvergeRepairBrokenSymlink (0.01s)
    --- PASS: TestScenario_ConvergeRepairBrokenSymlink/install_demo (0.00s)
    --- PASS: TestScenario_ConvergeRepairBrokenSymlink/break_symlink (0.00s)
    --- PASS: TestScenario_ConvergeRepairBrokenSymlink/repair_demo (0.00s)
=== RUN   TestScenario_ConvergeNoOp
=== RUN   TestScenario_ConvergeNoOp/install_demo_first_time
=== RUN   TestScenario_ConvergeNoOp/install_demo_again_(no-op)
--- PASS: TestScenario_ConvergeNoOp (0.00s)
    --- PASS: TestScenario_ConvergeNoOp/install_demo_first_time (0.00s)
    --- PASS: TestScenario_ConvergeNoOp/install_demo_again_(no-op) (0.00s)
=== RUN   TestE2E_Install_NoArgs_ConvergesAll
--- PASS: TestE2E_Install_NoArgs_ConvergesAll (0.00s)
=== RUN   TestInstall_NoArgs_ConvergesAll
--- PASS: TestInstall_NoArgs_ConvergesAll (0.00s)
=== RUN   TestScenario_Install_NoArgsConvergesAll
=== RUN   TestScenario_Install_NoArgsConvergesAll/install_with_no_args_converges_every_package
--- PASS: TestScenario_Install_NoArgsConvergesAll (0.00s)
    --- PASS: TestScenario_Install_NoArgsConvergesAll/install_with_no_args_converges_every_package (0.00s)
PASS
ok  	github.com/guneet-xyz/easyrice/cli	1.067s
