=== RUN   TestInstaller_Concurrency
=== RUN   TestInstaller_Concurrency/BUG_060_ConcurrentConvergeAll
    concurrency_test.go:158: BUG-060
    concurrency_test.go:187: BUG-060: package "dpkg" missing from state.json after 8 ConvergeAll runs
=== RUN   TestInstaller_Concurrency/BUG_061_ConflictingProfiles
    concurrency_test.go:204: BUG-061
=== RUN   TestInstaller_Concurrency/BUG_062_InstallVsUninstall
    concurrency_test.go:263: BUG-062
=== RUN   TestInstaller_Concurrency/BUG_063_DistinctPackagesAllSurvive
    concurrency_test.go:303: BUG-063
    concurrency_test.go:326: BUG-063: package "apkg" lost from state.json (last-writer-wins on state.Save)
    concurrency_test.go:326: BUG-063: package "bpkg" lost from state.json (last-writer-wins on state.Save)
    concurrency_test.go:326: BUG-063: package "cpkg" lost from state.json (last-writer-wins on state.Save)
    concurrency_test.go:326: BUG-063: package "dpkg" lost from state.json (last-writer-wins on state.Save)
    concurrency_test.go:326: BUG-063: package "fpkg" lost from state.json (last-writer-wins on state.Save)
    concurrency_test.go:326: BUG-063: package "gpkg" lost from state.json (last-writer-wins on state.Save)
    concurrency_test.go:326: BUG-063: package "hpkg" lost from state.json (last-writer-wins on state.Save)
=== RUN   TestInstaller_Concurrency/BUG_064_RapidSaveReplacement
    concurrency_test.go:344: BUG-064
=== RUN   TestInstaller_Concurrency/BUG_065_PlanReadDuringExecuteWrite
    concurrency_test.go:395: BUG-065
    concurrency_test.go:446: BUG-065: BuildConvergePlan returned error during concurrent execute: load state: unexpected end of JSON input
--- FAIL: TestInstaller_Concurrency (0.06s)
    --- FAIL: TestInstaller_Concurrency/BUG_060_ConcurrentConvergeAll (0.01s)
    --- PASS: TestInstaller_Concurrency/BUG_061_ConflictingProfiles (0.01s)
    --- PASS: TestInstaller_Concurrency/BUG_062_InstallVsUninstall (0.01s)
    --- FAIL: TestInstaller_Concurrency/BUG_063_DistinctPackagesAllSurvive (0.01s)
    --- PASS: TestInstaller_Concurrency/BUG_064_RapidSaveReplacement (0.01s)
    --- FAIL: TestInstaller_Concurrency/BUG_065_PlanReadDuringExecuteWrite (0.02s)
=== RUN   TestInstaller_Concurrency_StateInvariant
    concurrency_test.go:504: invariant: package "apkg" has on-disk link but no state entry
    concurrency_test.go:504: invariant: package "bpkg" has on-disk link but no state entry
    concurrency_test.go:504: invariant: package "cpkg" has on-disk link but no state entry
    concurrency_test.go:504: invariant: package "dpkg" has on-disk link but no state entry
    concurrency_test.go:504: invariant: package "epkg" has on-disk link but no state entry
    concurrency_test.go:504: invariant: package "fpkg" has on-disk link but no state entry
    concurrency_test.go:504: invariant: package "gpkg" has on-disk link but no state entry
--- FAIL: TestInstaller_Concurrency_StateInvariant (0.01s)
=== RUN   TestInstaller_Concurrency
=== RUN   TestInstaller_Concurrency/BUG_060_ConcurrentConvergeAll
    concurrency_test.go:158: BUG-060
=== RUN   TestInstaller_Concurrency/BUG_061_ConflictingProfiles
    concurrency_test.go:204: BUG-061
    concurrency_test.go:230: state.json must parse, got: invalid character 'C' after top-level value
=== RUN   TestInstaller_Concurrency/BUG_062_InstallVsUninstall
    concurrency_test.go:263: BUG-062
=== RUN   TestInstaller_Concurrency/BUG_063_DistinctPackagesAllSurvive
    concurrency_test.go:303: BUG-063
    concurrency_test.go:326: BUG-063: package "apkg" lost from state.json (last-writer-wins on state.Save)
    concurrency_test.go:326: BUG-063: package "cpkg" lost from state.json (last-writer-wins on state.Save)
    concurrency_test.go:326: BUG-063: package "dpkg" lost from state.json (last-writer-wins on state.Save)
    concurrency_test.go:326: BUG-063: package "epkg" lost from state.json (last-writer-wins on state.Save)
    concurrency_test.go:326: BUG-063: package "fpkg" lost from state.json (last-writer-wins on state.Save)
    concurrency_test.go:326: BUG-063: package "gpkg" lost from state.json (last-writer-wins on state.Save)
    concurrency_test.go:326: BUG-063: package "hpkg" lost from state.json (last-writer-wins on state.Save)
=== RUN   TestInstaller_Concurrency/BUG_064_RapidSaveReplacement
    concurrency_test.go:344: BUG-064
=== RUN   TestInstaller_Concurrency/BUG_065_PlanReadDuringExecuteWrite
    concurrency_test.go:395: BUG-065
    concurrency_test.go:446: BUG-065: BuildConvergePlan returned error during concurrent execute: load state: unexpected end of JSON input
--- FAIL: TestInstaller_Concurrency (0.06s)
    --- PASS: TestInstaller_Concurrency/BUG_060_ConcurrentConvergeAll (0.01s)
    --- FAIL: TestInstaller_Concurrency/BUG_061_ConflictingProfiles (0.01s)
    --- PASS: TestInstaller_Concurrency/BUG_062_InstallVsUninstall (0.01s)
    --- FAIL: TestInstaller_Concurrency/BUG_063_DistinctPackagesAllSurvive (0.01s)
    --- PASS: TestInstaller_Concurrency/BUG_064_RapidSaveReplacement (0.01s)
    --- FAIL: TestInstaller_Concurrency/BUG_065_PlanReadDuringExecuteWrite (0.02s)
=== RUN   TestInstaller_Concurrency_StateInvariant
    concurrency_test.go:504: invariant: package "apkg" has on-disk link but no state entry
    concurrency_test.go:504: invariant: package "bpkg" has on-disk link but no state entry
    concurrency_test.go:504: invariant: package "cpkg" has on-disk link but no state entry
    concurrency_test.go:504: invariant: package "dpkg" has on-disk link but no state entry
    concurrency_test.go:504: invariant: package "fpkg" has on-disk link but no state entry
    concurrency_test.go:504: invariant: package "gpkg" has on-disk link but no state entry
--- FAIL: TestInstaller_Concurrency_StateInvariant (0.01s)
=== RUN   TestInstaller_Concurrency
=== RUN   TestInstaller_Concurrency/BUG_060_ConcurrentConvergeAll
    concurrency_test.go:158: BUG-060
=== RUN   TestInstaller_Concurrency/BUG_061_ConflictingProfiles
    concurrency_test.go:204: BUG-061
=== RUN   TestInstaller_Concurrency/BUG_062_InstallVsUninstall
    concurrency_test.go:263: BUG-062
    concurrency_test.go:285: state.json must parse, got: invalid character '"' after top-level value
=== RUN   TestInstaller_Concurrency/BUG_063_DistinctPackagesAllSurvive
    concurrency_test.go:303: BUG-063
    concurrency_test.go:326: BUG-063: package "apkg" lost from state.json (last-writer-wins on state.Save)
    concurrency_test.go:326: BUG-063: package "bpkg" lost from state.json (last-writer-wins on state.Save)
    concurrency_test.go:326: BUG-063: package "cpkg" lost from state.json (last-writer-wins on state.Save)
    concurrency_test.go:326: BUG-063: package "dpkg" lost from state.json (last-writer-wins on state.Save)
    concurrency_test.go:326: BUG-063: package "epkg" lost from state.json (last-writer-wins on state.Save)
    concurrency_test.go:326: BUG-063: package "gpkg" lost from state.json (last-writer-wins on state.Save)
=== RUN   TestInstaller_Concurrency/BUG_064_RapidSaveReplacement
    concurrency_test.go:344: BUG-064
=== RUN   TestInstaller_Concurrency/BUG_065_PlanReadDuringExecuteWrite
    concurrency_test.go:395: BUG-065
    concurrency_test.go:446: BUG-065: BuildConvergePlan returned error during concurrent execute: load state: unexpected end of JSON input
--- FAIL: TestInstaller_Concurrency (0.06s)
    --- PASS: TestInstaller_Concurrency/BUG_060_ConcurrentConvergeAll (0.01s)
    --- PASS: TestInstaller_Concurrency/BUG_061_ConflictingProfiles (0.01s)
    --- FAIL: TestInstaller_Concurrency/BUG_062_InstallVsUninstall (0.01s)
    --- FAIL: TestInstaller_Concurrency/BUG_063_DistinctPackagesAllSurvive (0.01s)
    --- PASS: TestInstaller_Concurrency/BUG_064_RapidSaveReplacement (0.01s)
    --- FAIL: TestInstaller_Concurrency/BUG_065_PlanReadDuringExecuteWrite (0.02s)
=== RUN   TestInstaller_Concurrency_StateInvariant
    concurrency_test.go:504: invariant: package "bpkg" has on-disk link but no state entry
    concurrency_test.go:504: invariant: package "dpkg" has on-disk link but no state entry
    concurrency_test.go:504: invariant: package "epkg" has on-disk link but no state entry
    concurrency_test.go:504: invariant: package "fpkg" has on-disk link but no state entry
    concurrency_test.go:504: invariant: package "gpkg" has on-disk link but no state entry
    concurrency_test.go:504: invariant: package "hpkg" has on-disk link but no state entry
--- FAIL: TestInstaller_Concurrency_StateInvariant (0.01s)
=== RUN   TestInstaller_Concurrency
=== RUN   TestInstaller_Concurrency/BUG_060_ConcurrentConvergeAll
    concurrency_test.go:158: BUG-060
=== RUN   TestInstaller_Concurrency/BUG_061_ConflictingProfiles
    concurrency_test.go:204: BUG-061
=== RUN   TestInstaller_Concurrency/BUG_062_InstallVsUninstall
    concurrency_test.go:263: BUG-062
=== RUN   TestInstaller_Concurrency/BUG_063_DistinctPackagesAllSurvive
    concurrency_test.go:303: BUG-063
    concurrency_test.go:326: BUG-063: package "apkg" lost from state.json (last-writer-wins on state.Save)
    concurrency_test.go:326: BUG-063: package "bpkg" lost from state.json (last-writer-wins on state.Save)
    concurrency_test.go:326: BUG-063: package "dpkg" lost from state.json (last-writer-wins on state.Save)
    concurrency_test.go:326: BUG-063: package "epkg" lost from state.json (last-writer-wins on state.Save)
    concurrency_test.go:326: BUG-063: package "fpkg" lost from state.json (last-writer-wins on state.Save)
    concurrency_test.go:326: BUG-063: package "gpkg" lost from state.json (last-writer-wins on state.Save)
=== RUN   TestInstaller_Concurrency/BUG_064_RapidSaveReplacement
    concurrency_test.go:344: BUG-064
=== RUN   TestInstaller_Concurrency/BUG_065_PlanReadDuringExecuteWrite
    concurrency_test.go:395: BUG-065
    concurrency_test.go:446: BUG-065: BuildConvergePlan returned error during concurrent execute: load state: unexpected end of JSON input
--- FAIL: TestInstaller_Concurrency (0.06s)
    --- PASS: TestInstaller_Concurrency/BUG_060_ConcurrentConvergeAll (0.01s)
    --- PASS: TestInstaller_Concurrency/BUG_061_ConflictingProfiles (0.01s)
    --- PASS: TestInstaller_Concurrency/BUG_062_InstallVsUninstall (0.01s)
    --- FAIL: TestInstaller_Concurrency/BUG_063_DistinctPackagesAllSurvive (0.01s)
    --- PASS: TestInstaller_Concurrency/BUG_064_RapidSaveReplacement (0.01s)
    --- FAIL: TestInstaller_Concurrency/BUG_065_PlanReadDuringExecuteWrite (0.02s)
=== RUN   TestInstaller_Concurrency_StateInvariant
    concurrency_test.go:504: invariant: package "bpkg" has on-disk link but no state entry
    concurrency_test.go:504: invariant: package "dpkg" has on-disk link but no state entry
    concurrency_test.go:504: invariant: package "epkg" has on-disk link but no state entry
    concurrency_test.go:504: invariant: package "fpkg" has on-disk link but no state entry
    concurrency_test.go:504: invariant: package "gpkg" has on-disk link but no state entry
    concurrency_test.go:504: invariant: package "hpkg" has on-disk link but no state entry
--- FAIL: TestInstaller_Concurrency_StateInvariant (0.01s)
=== RUN   TestInstaller_Concurrency
=== RUN   TestInstaller_Concurrency/BUG_060_ConcurrentConvergeAll
    concurrency_test.go:158: BUG-060
    concurrency_test.go:187: BUG-060: package "bpkg" missing from state.json after 8 ConvergeAll runs
=== RUN   TestInstaller_Concurrency/BUG_061_ConflictingProfiles
    concurrency_test.go:204: BUG-061
    concurrency_test.go:230: state.json must parse, got: invalid character 'C' after top-level value
=== RUN   TestInstaller_Concurrency/BUG_062_InstallVsUninstall
    concurrency_test.go:263: BUG-062
=== RUN   TestInstaller_Concurrency/BUG_063_DistinctPackagesAllSurvive
    concurrency_test.go:303: BUG-063
    concurrency_test.go:326: BUG-063: package "apkg" lost from state.json (last-writer-wins on state.Save)
    concurrency_test.go:326: BUG-063: package "bpkg" lost from state.json (last-writer-wins on state.Save)
    concurrency_test.go:326: BUG-063: package "cpkg" lost from state.json (last-writer-wins on state.Save)
    concurrency_test.go:326: BUG-063: package "dpkg" lost from state.json (last-writer-wins on state.Save)
    concurrency_test.go:326: BUG-063: package "epkg" lost from state.json (last-writer-wins on state.Save)
    concurrency_test.go:326: BUG-063: package "gpkg" lost from state.json (last-writer-wins on state.Save)
    concurrency_test.go:326: BUG-063: package "hpkg" lost from state.json (last-writer-wins on state.Save)
=== RUN   TestInstaller_Concurrency/BUG_064_RapidSaveReplacement
    concurrency_test.go:344: BUG-064
=== RUN   TestInstaller_Concurrency/BUG_065_PlanReadDuringExecuteWrite
    concurrency_test.go:395: BUG-065
    concurrency_test.go:446: BUG-065: BuildConvergePlan returned error during concurrent execute: load state: unexpected end of JSON input
--- FAIL: TestInstaller_Concurrency (0.06s)
    --- FAIL: TestInstaller_Concurrency/BUG_060_ConcurrentConvergeAll (0.01s)
    --- FAIL: TestInstaller_Concurrency/BUG_061_ConflictingProfiles (0.01s)
    --- PASS: TestInstaller_Concurrency/BUG_062_InstallVsUninstall (0.01s)
    --- FAIL: TestInstaller_Concurrency/BUG_063_DistinctPackagesAllSurvive (0.01s)
    --- PASS: TestInstaller_Concurrency/BUG_064_RapidSaveReplacement (0.01s)
    --- FAIL: TestInstaller_Concurrency/BUG_065_PlanReadDuringExecuteWrite (0.02s)
=== RUN   TestInstaller_Concurrency_StateInvariant
    concurrency_test.go:504: invariant: package "bpkg" has on-disk link but no state entry
    concurrency_test.go:504: invariant: package "cpkg" has on-disk link but no state entry
    concurrency_test.go:504: invariant: package "dpkg" has on-disk link but no state entry
    concurrency_test.go:504: invariant: package "fpkg" has on-disk link but no state entry
    concurrency_test.go:504: invariant: package "gpkg" has on-disk link but no state entry
    concurrency_test.go:504: invariant: package "hpkg" has on-disk link but no state entry
--- FAIL: TestInstaller_Concurrency_StateInvariant (0.01s)
FAIL
FAIL	github.com/guneet-xyz/easyrice/internal/installer	0.373s
FAIL
