=== RUN   TestUpdater_Mocked
=== PAUSE TestUpdater_Mocked
=== CONT  TestUpdater_Mocked
=== RUN   TestUpdater_Mocked/BUG_080_DevBuild
    updater_mocked_test.go:96: BUG-080
=== RUN   TestUpdater_Mocked/BUG_081_AlreadyLatest
    updater_mocked_test.go:114: BUG-081
=== RUN   TestUpdater_Mocked/BUG_082_LockBusy
    updater_mocked_test.go:143: BUG-082
=== RUN   TestUpdater_Mocked/BUG_083_NoChecksum
    updater_mocked_test.go:175: BUG-083
=== RUN   TestUpdater_Mocked/BUG_084_CacheCorrupt
    updater_mocked_test.go:189: BUG-084
=== RUN   TestUpdater_Mocked/BUG_085_InvalidSemver
    updater_mocked_test.go:215: BUG-085
=== RUN   TestUpdater_Mocked/BUG_086_PreReleaseRejected
    updater_mocked_test.go:230: BUG-086
=== RUN   TestUpdater_Mocked/BUG_087_NetworkFailureFailSilent
    updater_mocked_test.go:242: BUG-087
=== RUN   TestUpdater_Mocked/BUG_088_AtomicSwapRollback
    updater_mocked_test.go:267: BUG-088
=== RUN   TestUpdater_Mocked/BUG_089_CleanupOrphanArtifacts
    updater_mocked_test.go:309: BUG-089
=== RUN   TestUpdater_Mocked/BUG_090_TTLBoundary
    updater_mocked_test.go:345: BUG-090
=== RUN   TestUpdater_Mocked/BUG_091_FormatReminder
    updater_mocked_test.go:381: BUG-091
=== RUN   TestUpdater_Mocked/BUG_092_NonTTYNoReminder
    updater_mocked_test.go:398: BUG-092
=== RUN   TestUpdater_Mocked/HappyPath
--- PASS: TestUpdater_Mocked (0.00s)
    --- PASS: TestUpdater_Mocked/BUG_080_DevBuild (0.00s)
    --- PASS: TestUpdater_Mocked/BUG_081_AlreadyLatest (0.00s)
    --- PASS: TestUpdater_Mocked/BUG_082_LockBusy (0.00s)
    --- PASS: TestUpdater_Mocked/BUG_083_NoChecksum (0.00s)
    --- PASS: TestUpdater_Mocked/BUG_084_CacheCorrupt (0.00s)
    --- PASS: TestUpdater_Mocked/BUG_085_InvalidSemver (0.00s)
    --- PASS: TestUpdater_Mocked/BUG_086_PreReleaseRejected (0.00s)
    --- PASS: TestUpdater_Mocked/BUG_087_NetworkFailureFailSilent (0.00s)
    --- PASS: TestUpdater_Mocked/BUG_088_AtomicSwapRollback (0.00s)
    --- PASS: TestUpdater_Mocked/BUG_089_CleanupOrphanArtifacts (0.00s)
    --- PASS: TestUpdater_Mocked/BUG_090_TTLBoundary (0.00s)
    --- PASS: TestUpdater_Mocked/BUG_091_FormatReminder (0.00s)
    --- PASS: TestUpdater_Mocked/BUG_092_NonTTYNoReminder (0.00s)
    --- PASS: TestUpdater_Mocked/HappyPath (0.00s)
=== RUN   TestUpdater_Mocked
=== PAUSE TestUpdater_Mocked
=== CONT  TestUpdater_Mocked
=== RUN   TestUpdater_Mocked/BUG_080_DevBuild
    updater_mocked_test.go:96: BUG-080
=== RUN   TestUpdater_Mocked/BUG_081_AlreadyLatest
    updater_mocked_test.go:114: BUG-081
=== RUN   TestUpdater_Mocked/BUG_082_LockBusy
    updater_mocked_test.go:143: BUG-082
=== RUN   TestUpdater_Mocked/BUG_083_NoChecksum
    updater_mocked_test.go:175: BUG-083
=== RUN   TestUpdater_Mocked/BUG_084_CacheCorrupt
    updater_mocked_test.go:189: BUG-084
=== RUN   TestUpdater_Mocked/BUG_085_InvalidSemver
    updater_mocked_test.go:215: BUG-085
=== RUN   TestUpdater_Mocked/BUG_086_PreReleaseRejected
    updater_mocked_test.go:230: BUG-086
=== RUN   TestUpdater_Mocked/BUG_087_NetworkFailureFailSilent
    updater_mocked_test.go:242: BUG-087
=== RUN   TestUpdater_Mocked/BUG_088_AtomicSwapRollback
    updater_mocked_test.go:267: BUG-088
=== RUN   TestUpdater_Mocked/BUG_089_CleanupOrphanArtifacts
    updater_mocked_test.go:309: BUG-089
=== RUN   TestUpdater_Mocked/BUG_090_TTLBoundary
    updater_mocked_test.go:345: BUG-090
=== RUN   TestUpdater_Mocked/BUG_091_FormatReminder
    updater_mocked_test.go:381: BUG-091
=== RUN   TestUpdater_Mocked/BUG_092_NonTTYNoReminder
    updater_mocked_test.go:398: BUG-092
=== RUN   TestUpdater_Mocked/HappyPath
--- PASS: TestUpdater_Mocked (0.00s)
    --- PASS: TestUpdater_Mocked/BUG_080_DevBuild (0.00s)
    --- PASS: TestUpdater_Mocked/BUG_081_AlreadyLatest (0.00s)
    --- PASS: TestUpdater_Mocked/BUG_082_LockBusy (0.00s)
    --- PASS: TestUpdater_Mocked/BUG_083_NoChecksum (0.00s)
    --- PASS: TestUpdater_Mocked/BUG_084_CacheCorrupt (0.00s)
    --- PASS: TestUpdater_Mocked/BUG_085_InvalidSemver (0.00s)
    --- PASS: TestUpdater_Mocked/BUG_086_PreReleaseRejected (0.00s)
    --- PASS: TestUpdater_Mocked/BUG_087_NetworkFailureFailSilent (0.00s)
    --- PASS: TestUpdater_Mocked/BUG_088_AtomicSwapRollback (0.00s)
    --- PASS: TestUpdater_Mocked/BUG_089_CleanupOrphanArtifacts (0.00s)
    --- PASS: TestUpdater_Mocked/BUG_090_TTLBoundary (0.00s)
    --- PASS: TestUpdater_Mocked/BUG_091_FormatReminder (0.00s)
    --- PASS: TestUpdater_Mocked/BUG_092_NonTTYNoReminder (0.00s)
    --- PASS: TestUpdater_Mocked/HappyPath (0.00s)
=== RUN   TestUpdater_Mocked
=== PAUSE TestUpdater_Mocked
=== CONT  TestUpdater_Mocked
=== RUN   TestUpdater_Mocked/BUG_080_DevBuild
    updater_mocked_test.go:96: BUG-080
=== RUN   TestUpdater_Mocked/BUG_081_AlreadyLatest
    updater_mocked_test.go:114: BUG-081
=== RUN   TestUpdater_Mocked/BUG_082_LockBusy
    updater_mocked_test.go:143: BUG-082
=== RUN   TestUpdater_Mocked/BUG_083_NoChecksum
    updater_mocked_test.go:175: BUG-083
=== RUN   TestUpdater_Mocked/BUG_084_CacheCorrupt
    updater_mocked_test.go:189: BUG-084
=== RUN   TestUpdater_Mocked/BUG_085_InvalidSemver
    updater_mocked_test.go:215: BUG-085
=== RUN   TestUpdater_Mocked/BUG_086_PreReleaseRejected
    updater_mocked_test.go:230: BUG-086
=== RUN   TestUpdater_Mocked/BUG_087_NetworkFailureFailSilent
    updater_mocked_test.go:242: BUG-087
=== RUN   TestUpdater_Mocked/BUG_088_AtomicSwapRollback
    updater_mocked_test.go:267: BUG-088
=== RUN   TestUpdater_Mocked/BUG_089_CleanupOrphanArtifacts
    updater_mocked_test.go:309: BUG-089
=== RUN   TestUpdater_Mocked/BUG_090_TTLBoundary
    updater_mocked_test.go:345: BUG-090
=== RUN   TestUpdater_Mocked/BUG_091_FormatReminder
    updater_mocked_test.go:381: BUG-091
=== RUN   TestUpdater_Mocked/BUG_092_NonTTYNoReminder
    updater_mocked_test.go:398: BUG-092
=== RUN   TestUpdater_Mocked/HappyPath
--- PASS: TestUpdater_Mocked (0.00s)
    --- PASS: TestUpdater_Mocked/BUG_080_DevBuild (0.00s)
    --- PASS: TestUpdater_Mocked/BUG_081_AlreadyLatest (0.00s)
    --- PASS: TestUpdater_Mocked/BUG_082_LockBusy (0.00s)
    --- PASS: TestUpdater_Mocked/BUG_083_NoChecksum (0.00s)
    --- PASS: TestUpdater_Mocked/BUG_084_CacheCorrupt (0.00s)
    --- PASS: TestUpdater_Mocked/BUG_085_InvalidSemver (0.00s)
    --- PASS: TestUpdater_Mocked/BUG_086_PreReleaseRejected (0.00s)
    --- PASS: TestUpdater_Mocked/BUG_087_NetworkFailureFailSilent (0.00s)
    --- PASS: TestUpdater_Mocked/BUG_088_AtomicSwapRollback (0.00s)
    --- PASS: TestUpdater_Mocked/BUG_089_CleanupOrphanArtifacts (0.00s)
    --- PASS: TestUpdater_Mocked/BUG_090_TTLBoundary (0.00s)
    --- PASS: TestUpdater_Mocked/BUG_091_FormatReminder (0.00s)
    --- PASS: TestUpdater_Mocked/BUG_092_NonTTYNoReminder (0.00s)
    --- PASS: TestUpdater_Mocked/HappyPath (0.00s)
PASS
ok  	github.com/guneet-xyz/easyrice/internal/updater	1.022s
